#
# There is insufficient memory for the Java Runtime Environment to continue.
# Native memory allocation (mmap) failed to map 8388608 bytes for G1 virtual space
# Possible reasons:
#   The system is out of physical RAM or swap space
#   The process is running with CompressedOops enabled, and the Java Heap may be blocking the growth of the native heap
# Possible solutions:
#   Reduce memory load on the system
#   Increase physical memory or swap space
#   Check if swap backing store is full
#   Decrease Java heap size (-Xmx/-Xms)
#   Decrease number of Java threads
#   Decrease Java thread stack sizes (-Xss)
#   Set larger code cache with -XX:ReservedCodeCacheSize=
#   JVM is running with Unscaled Compressed Oops mode in which the Java heap is
#     placed in the first 4GB address space. The Java Heap base address is the
#     maximum limit for the native heap growth. Please use -XX:HeapBaseMinAddress
#     to set the Java Heap base and to place the Java Heap above 4GB virtual address.
# This output file may be truncated or incomplete.
#
#  Out of Memory Error (os_windows.cpp:3825), pid=11920, tid=21324
#
# JRE version: OpenJDK Runtime Environment (17.0.10) (build 17.0.10+0--11609105)
# Java VM: OpenJDK 64-Bit Server VM (17.0.10+0--11609105, mixed mode, tiered, compressed oops, compressed class ptrs, g1 gc, windows-amd64)
# No core dump will be written. Minidumps are not enabled by default on client versions of Windows
#

---------------  S U M M A R Y ------------

Command Line: org.jetbrains.kotlin.cli.jvm.K2JVMCompiler @C:\Users\Hp\AndroidStudioProjects\ProjectAkhirVSGA2\app\build\20240819_9306628641465558391.compiler.options

Host: AMD Athlon Gold 3150U with Radeon Graphics     , 4 cores, 3G,  Windows 11 , 64 bit Build 22621 (10.0.22621.3672)
Time: Mon Aug 19 23:25:24 2024 SE Asia Standard Time elapsed time: 10.651628 seconds (0d 0h 0m 10s)

---------------  T H R E A D  ---------------

Current thread (0x00000188bf682370):  VMThread "VM Thread" [stack: 0x0000002ebae00000,0x0000002ebaf00000] [id=21324]

Stack: [0x0000002ebae00000,0x0000002ebaf00000]
Native frames: (J=compiled Java code, j=interpreted, Vv=VM code, C=native code)
V  [jvm.dll+0x688de9]
V  [jvm.dll+0x8423da]
V  [jvm.dll+0x84401e]
V  [jvm.dll+0x844683]
V  [jvm.dll+0x24be0f]
V  [jvm.dll+0x685bb9]
V  [jvm.dll+0x67a46a]
V  [jvm.dll+0x30cbab]
V  [jvm.dll+0x314056]
V  [jvm.dll+0x363dce]
V  [jvm.dll+0x363fff]
V  [jvm.dll+0x2e2978]
V  [jvm.dll+0x2e0b54]
V  [jvm.dll+0x2e015c]
V  [jvm.dll+0x32502b]
V  [jvm.dll+0x848d7b]
V  [jvm.dll+0x849ac1]
V  [jvm.dll+0x849fdd]
V  [jvm.dll+0x84a3b4]
V  [jvm.dll+0x84a480]
V  [jvm.dll+0x7f0c7a]
V  [jvm.dll+0x687c65]
C  [ucrtbase.dll+0x29333]
C  [KERNEL32.DLL+0x1257d]
C  [ntdll.dll+0x5af28]

VM_Operation (0x0000002eba8fb120): G1CollectForAllocation, mode: safepoint, requested by thread 0x00000188a8d21e30


---------------  P R O C E S S  ---------------

Threads class SMR info:
_java_thread_list=0x00000188bf6d7ca0, length=12, elements={
0x00000188a8d21e30, 0x00000188bf688850, 0x00000188bf6896d0, 0x00000188bf6d9a20,
0x00000188bf6dc6c0, 0x00000188bf6de090, 0x00000188bf6dea50, 0x00000188bf6df7f0,
0x00000188bf6fb7e0, 0x00000188bf70e880, 0x00000188bfaaabd0, 0x00000188bfabe5c0
}

Java Threads: ( => current thread )
  0x00000188a8d21e30 JavaThread "main" [_thread_blocked, id=9144, stack(0x0000002eba800000,0x0000002eba900000)]
  0x00000188bf688850 JavaThread "Reference Handler" daemon [_thread_blocked, id=23776, stack(0x0000002ebaf00000,0x0000002ebb000000)]
  0x00000188bf6896d0 JavaThread "Finalizer" daemon [_thread_blocked, id=8100, stack(0x0000002ebb000000,0x0000002ebb100000)]
  0x00000188bf6d9a20 JavaThread "Signal Dispatcher" daemon [_thread_blocked, id=12236, stack(0x0000002ebb100000,0x0000002ebb200000)]
  0x00000188bf6dc6c0 JavaThread "Attach Listener" daemon [_thread_blocked, id=3036, stack(0x0000002ebb200000,0x0000002ebb300000)]
  0x00000188bf6de090 JavaThread "Service Thread" daemon [_thread_blocked, id=18748, stack(0x0000002ebb300000,0x0000002ebb400000)]
  0x00000188bf6dea50 JavaThread "Monitor Deflation Thread" daemon [_thread_blocked, id=20064, stack(0x0000002ebb400000,0x0000002ebb500000)]
  0x00000188bf6df7f0 JavaThread "C2 CompilerThread0" daemon [_thread_blocked, id=14228, stack(0x0000002ebb500000,0x0000002ebb600000)]
  0x00000188bf6fb7e0 JavaThread "C1 CompilerThread0" daemon [_thread_blocked, id=13320, stack(0x0000002ebb600000,0x0000002ebb700000)]
  0x00000188bf70e880 JavaThread "Sweeper thread" daemon [_thread_blocked, id=22216, stack(0x0000002ebb700000,0x0000002ebb800000)]
  0x00000188bfaaabd0 JavaThread "Notification Thread" daemon [_thread_blocked, id=2884, stack(0x0000002ebb800000,0x0000002ebb900000)]
  0x00000188bfabe5c0 JavaThread "Common-Cleaner" daemon [_thread_blocked, id=24084, stack(0x0000002ebba00000,0x0000002ebbb00000)]

Other Threads:
=>0x00000188bf682370 VMThread "VM Thread" [stack: 0x0000002ebae00000,0x0000002ebaf00000] [id=21324]
  0x00000188bf9d7e70 WatcherThread [stack: 0x0000002ebb900000,0x0000002ebba00000] [id=9184]
  0x00000188a8d5a920 GCTaskThread "GC Thread#0" [stack: 0x0000002eba900000,0x0000002ebaa00000] [id=5316]
  0x00000188c41132a0 GCTaskThread "GC Thread#1" [stack: 0x0000002ebbb00000,0x0000002ebbc00000] [id=16840]
  0x00000188c414eb40 GCTaskThread "GC Thread#2" [stack: 0x0000002ebbc00000,0x0000002ebbd00000] [id=22908]
  0x00000188c415d790 GCTaskThread "GC Thread#3" [stack: 0x0000002ebbd00000,0x0000002ebbe00000] [id=22812]
  0x00000188a8d625f0 ConcurrentGCThread "G1 Main Marker" [stack: 0x0000002ebaa00000,0x0000002ebab00000] [id=23200]
  0x00000188a8d63010 ConcurrentGCThread "G1 Conc#0" [stack: 0x0000002ebab00000,0x0000002ebac00000] [id=23676]
  0x00000188a8d9e340 ConcurrentGCThread "G1 Refine#0" [stack: 0x0000002ebac00000,0x0000002ebad00000] [id=13780]
  0x00000188c4b24090 ConcurrentGCThread "G1 Refine#1" [stack: 0x0000002ebbe00000,0x0000002ebbf00000] [id=10404]
  0x00000188a8d9ed70 ConcurrentGCThread "G1 Service" [stack: 0x0000002ebad00000,0x0000002ebae00000] [id=11356]

Threads with active compile tasks:

VM state: at safepoint (normal execution)

VM Mutex/Monitor currently owned by a thread:  ([mutex/lock_event])
[0x00000188a8d1d9f0] Threads_lock - owner thread: 0x00000188bf682370
[0x00000188a8d1d060] Heap_lock - owner thread: 0x00000188a8d21e30

Heap address: 0x00000000c9400000, size: 876 MB, Compressed Oops mode: 32-bit

CDS archive(s) not mapped
Compressed class space mapped at: 0x0000000100000000-0x0000000140000000, reserved size: 1073741824
Narrow klass base: 0x0000000000000000, Narrow klass shift: 3, Narrow klass range: 0x140000000

GC Precious Log:
 CPUs: 4 total, 4 available
 Memory: 3499M
 Large Page Support: Disabled
 NUMA Support: Disabled
 Compressed Oops: Enabled (32-bit)
 Heap Region Size: 1M
 Heap Min Capacity: 8M
 Heap Initial Capacity: 56M
 Heap Max Capacity: 876M
 Pre-touch: Disabled
 Parallel Workers: 4
 Concurrent Workers: 1
 Concurrent Refinement Workers: 4
 Periodic GC: Disabled

Heap:
 garbage-first heap   total 37888K, used 20451K [0x00000000c9400000, 0x0000000100000000)
  region size 1024K, 1 young (1024K), 1 survivors (1024K)
 Metaspace       used 38009K, committed 38208K, reserved 1114112K
  class space    used 4738K, committed 4864K, reserved 1048576K

Heap Regions: E=young(eden), S=young(survivor), O=old, HS=humongous(starts), HC=humongous(continues), CS=collection set, F=free, OA=open archive, CA=closed archive, TAMS=top-at-mark-start (previous, next)
|   0|0x00000000c9400000, 0x00000000c9500000, 0x00000000c9500000|100%|HS|  |TAMS 0x00000000c9500000, 0x00000000c9400000| Complete 
|   1|0x00000000c9500000, 0x00000000c9600000, 0x00000000c9600000|100%|HC|  |TAMS 0x00000000c9600000, 0x00000000c9500000| Complete 
|   2|0x00000000c9600000, 0x00000000c9700000, 0x00000000c9700000|100%|HC|  |TAMS 0x00000000c9700000, 0x00000000c9600000| Complete 
|   3|0x00000000c9700000, 0x00000000c9800000, 0x00000000c9800000|100%|HC|  |TAMS 0x00000000c9800000, 0x00000000c9700000| Complete 
|   4|0x00000000c9800000, 0x00000000c98fce00, 0x00000000c9900000| 98%| O|  |TAMS 0x00000000c98fce00, 0x00000000c9800000| Untracked 
|   5|0x00000000c9900000, 0x00000000c9a00000, 0x00000000c9a00000|100%| O|  |TAMS 0x00000000c9a00000, 0x00000000c9900000| Untracked 
|   6|0x00000000c9a00000, 0x00000000c9b00000, 0x00000000c9b00000|100%| O|  |TAMS 0x00000000c9b00000, 0x00000000c9a00000| Untracked 
|   7|0x00000000c9b00000, 0x00000000c9c00000, 0x00000000c9c00000|100%| O|  |TAMS 0x00000000c9c00000, 0x00000000c9b00000| Untracked 
|   8|0x00000000c9c00000, 0x00000000c9d00000, 0x00000000c9d00000|100%| O|  |TAMS 0x00000000c9c00000, 0x00000000c9c00000| Untracked 
|   9|0x00000000c9d00000, 0x00000000c9d00000, 0x00000000c9e00000|  0%| F|  |TAMS 0x00000000c9d00000, 0x00000000c9d00000| Untracked 
|  10|0x00000000c9e00000, 0x00000000c9f00000, 0x00000000c9f00000|100%| O|  |TAMS 0x00000000c9f00000, 0x00000000c9e00000| Untracked 
|  11|0x00000000c9f00000, 0x00000000ca000000, 0x00000000ca000000|100%| O|  |TAMS 0x00000000ca000000, 0x00000000c9f00000| Untracked 
|  12|0x00000000ca000000, 0x00000000ca100000, 0x00000000ca100000|100%| O|  |TAMS 0x00000000ca100000, 0x00000000ca000000| Untracked 
|  13|0x00000000ca100000, 0x00000000ca200000, 0x00000000ca200000|100%| O|  |TAMS 0x00000000ca200000, 0x00000000ca100000| Untracked 
|  14|0x00000000ca200000, 0x00000000ca300000, 0x00000000ca300000|100%| O|  |TAMS 0x00000000ca300000, 0x00000000ca200000| Untracked 
|  15|0x00000000ca300000, 0x00000000ca400000, 0x00000000ca400000|100%| O|  |TAMS 0x00000000ca400000, 0x00000000ca300000| Untracked 
|  16|0x00000000ca400000, 0x00000000ca500000, 0x00000000ca500000|100%| O|  |TAMS 0x00000000ca500000, 0x00000000ca400000| Untracked 
|  17|0x00000000ca500000, 0x00000000ca600000, 0x00000000ca600000|100%| O|  |TAMS 0x00000000ca600000, 0x00000000ca500000| Untracked 
|  18|0x00000000ca600000, 0x00000000ca700000, 0x00000000ca700000|100%| O|  |TAMS 0x00000000ca700000, 0x00000000ca600000| Untracked 
|  19|0x00000000ca700000, 0x00000000ca800000, 0x00000000ca800000|100%| O|  |TAMS 0x00000000ca732000, 0x00000000ca700000| Untracked 
|  20|0x00000000ca800000, 0x00000000ca8b2c00, 0x00000000ca900000| 69%| O|  |TAMS 0x00000000ca800000, 0x00000000ca800000| Untracked 
|  21|0x00000000ca900000, 0x00000000ca900000, 0x00000000caa00000|  0%| F|  |TAMS 0x00000000ca900000, 0x00000000ca900000| Untracked 
|  22|0x00000000caa00000, 0x00000000caa00000, 0x00000000cab00000|  0%| F|  |TAMS 0x00000000caa00000, 0x00000000caa00000| Untracked 
|  23|0x00000000cab00000, 0x00000000cab00000, 0x00000000cac00000|  0%| F|  |TAMS 0x00000000cab00000, 0x00000000cab00000| Untracked 
|  24|0x00000000cac00000, 0x00000000cac00000, 0x00000000cad00000|  0%| F|  |TAMS 0x00000000cac00000, 0x00000000cac00000| Untracked 
|  25|0x00000000cad00000, 0x00000000cad00000, 0x00000000cae00000|  0%| F|  |TAMS 0x00000000cad00000, 0x00000000cad00000| Untracked 
|  26|0x00000000cae00000, 0x00000000cae00000, 0x00000000caf00000|  0%| F|  |TAMS 0x00000000cae00000, 0x00000000cae00000| Untracked 
|  27|0x00000000caf00000, 0x00000000caf00000, 0x00000000cb000000|  0%| F|  |TAMS 0x00000000caf00000, 0x00000000caf00000| Untracked 
|  28|0x00000000cb000000, 0x00000000cb000000, 0x00000000cb100000|  0%| F|  |TAMS 0x00000000cb000000, 0x00000000cb000000| Untracked 
|  29|0x00000000cb100000, 0x00000000cb100000, 0x00000000cb200000|  0%| F|  |TAMS 0x00000000cb100000, 0x00000000cb100000| Untracked 
|  30|0x00000000cb200000, 0x00000000cb200000, 0x00000000cb300000|  0%| F|  |TAMS 0x00000000cb200000, 0x00000000cb200000| Untracked 
|  31|0x00000000cb300000, 0x00000000cb300000, 0x00000000cb400000|  0%| F|  |TAMS 0x00000000cb300000, 0x00000000cb300000| Untracked 
|  32|0x00000000cb400000, 0x00000000cb400000, 0x00000000cb500000|  0%| F|  |TAMS 0x00000000cb400000, 0x00000000cb400000| Untracked 
|  33|0x00000000cb500000, 0x00000000cb500000, 0x00000000cb600000|  0%| F|  |TAMS 0x00000000cb500000, 0x00000000cb500000| Untracked 
|  34|0x00000000cb600000, 0x00000000cb600000, 0x00000000cb700000|  0%| F|  |TAMS 0x00000000cb600000, 0x00000000cb600000| Untracked 
|  35|0x00000000cb700000, 0x00000000cb749390, 0x00000000cb800000| 28%| S|CS|TAMS 0x00000000cb700000, 0x00000000cb700000| Complete 
|  55|0x00000000ccb00000, 0x00000000ccb00000, 0x00000000ccc00000|  0%| F|  |TAMS 0x00000000ccb00000, 0x00000000ccb00000| Untracked 

Card table byte_map: [0x00000188bb1f0000,0x00000188bb3b0000] _byte_map_base: 0x00000188baba6000

Marking Bits (Prev, Next): (CMBitMap*) 0x00000188a8d5af80, (CMBitMap*) 0x00000188a8d5af40
 Prev Bits: [0x00000188bc320000, 0x00000188bd0d0000)
 Next Bits: [0x00000188bb570000, 0x00000188bc320000)

Polling page: 0x00000188a6cf0000

Metaspace:

Usage:
  Non-class:     32.49 MB used.
      Class:      4.63 MB used.
       Both:     37.12 MB used.

Virtual space:
  Non-class space:       64.00 MB reserved,      32.56 MB ( 51%) committed,  1 nodes.
      Class space:        1.00 GB reserved,       4.75 MB ( <1%) committed,  1 nodes.
             Both:        1.06 GB reserved,      37.31 MB (  3%) committed. 

Chunk freelists:
   Non-Class:  14.50 MB
       Class:  11.22 MB
        Both:  25.72 MB

MaxMetaspaceSize: unlimited
CompressedClassSpaceSize: 1.00 GB
Initial GC threshold: 21.00 MB
Current GC threshold: 59.62 MB
CDS: off
MetaspaceReclaimPolicy: balanced
 - commit_granule_bytes: 65536.
 - commit_granule_words: 8192.
 - virtual_space_node_default_size: 8388608.
 - enlarge_chunks_in_place: 1.
 - new_chunks_are_fully_committed: 0.
 - uncommit_free_chunks: 1.
 - use_allocation_guard: 0.
 - handle_deallocations: 1.


Internal statistics:

num_allocs_failed_limit: 3.
num_arena_births: 146.
num_arena_deaths: 0.
num_vsnodes_births: 2.
num_vsnodes_deaths: 0.
num_space_committed: 595.
num_space_uncommitted: 0.
num_chunks_returned_to_freelist: 3.
num_chunks_taken_from_freelist: 1159.
num_chunk_merges: 3.
num_chunk_splits: 961.
num_chunks_enlarged: 876.
num_inconsistent_stats: 0.

CodeHeap 'non-profiled nmethods': size=120000Kb used=1034Kb max_used=1034Kb free=118965Kb
 bounds [0x00000188b3cc0000, 0x00000188b3f30000, 0x00000188bb1f0000]
CodeHeap 'profiled nmethods': size=120000Kb used=5056Kb max_used=5056Kb free=114943Kb
 bounds [0x00000188ac1f0000, 0x00000188ac6f0000, 0x00000188b3720000]
CodeHeap 'non-nmethods': size=5760Kb used=1244Kb max_used=1271Kb free=4515Kb
 bounds [0x00000188b3720000, 0x00000188b3990000, 0x00000188b3cc0000]
 total_blobs=3119 nmethods=2569 adapters=462
 compilation: enabled
              stopped_count=0, restarted_count=0
 full_count=0

Compilation events (20 events):
Event: 10.527 Thread 0x00000188bf6fb7e0 2565       3       java.lang.Class::getAnnotation (22 bytes)
Event: 10.528 Thread 0x00000188bf6fb7e0 nmethod 2565 0x00000188ac6d2a10 code [0x00000188ac6d2be0, 0x00000188ac6d3048]
Event: 10.562 Thread 0x00000188bf6df7f0 2566       4       java.lang.reflect.Method::copy (84 bytes)
Event: 10.564 Thread 0x00000188bf6fb7e0 2567       3       kotlin.sequences.SequencesKt__SequencesKt::generateSequence (42 bytes)
Event: 10.566 Thread 0x00000188bf6fb7e0 nmethod 2567 0x00000188ac6d3210 code [0x00000188ac6d34e0, 0x00000188ac6d4398]
Event: 10.566 Thread 0x00000188bf6fb7e0 2568       3       kotlin.sequences.SequencesKt__SequencesKt$generateSequence$2::<init> (11 bytes)
Event: 10.566 Thread 0x00000188bf6fb7e0 nmethod 2568 0x00000188ac6d4910 code [0x00000188ac6d4ac0, 0x00000188ac6d4cf8]
Event: 10.567 Thread 0x00000188bf6df7f0 nmethod 2566 0x00000188b3dc2490 code [0x00000188b3dc2620, 0x00000188b3dc2918]
Event: 10.569 Thread 0x00000188bf6fb7e0 2569       3       java.lang.ref.SoftReference::<init> (14 bytes)
Event: 10.569 Thread 0x00000188bf6fb7e0 nmethod 2569 0x00000188ac6d4e10 code [0x00000188ac6d4fc0, 0x00000188ac6d52b8]
Event: 10.580 Thread 0x00000188bf6fb7e0 2570       3       org.jetbrains.kotlin.container.CacheKt::getConstructorInfo (258 bytes)
Event: 10.588 Thread 0x00000188bf6fb7e0 nmethod 2570 0x00000188ac6d5390 code [0x00000188ac6d5c20, 0x00000188ac6db058]
Event: 10.607 Thread 0x00000188bf6fb7e0 2571       3       org.jetbrains.kotlin.container.CacheKt::getRegistrations (115 bytes)
Event: 10.608 Thread 0x00000188bf6fb7e0 nmethod 2571 0x00000188ac6dcc90 code [0x00000188ac6dcf20, 0x00000188ac6dd948]
Event: 10.608 Thread 0x00000188bf6fb7e0 2572       3       kotlin.collections.CollectionsKt__MutableCollectionsKt::addAll (56 bytes)
Event: 10.609 Thread 0x00000188bf6fb7e0 nmethod 2572 0x00000188ac6ddc90 code [0x00000188ac6ddf60, 0x00000188ac6dedd8]
Event: 10.609 Thread 0x00000188bf6fb7e0 2573       3       java.util.ArrayList::remove (76 bytes)
Event: 10.610 Thread 0x00000188bf6fb7e0 nmethod 2573 0x00000188ac6df310 code [0x00000188ac6df500, 0x00000188ac6df9f8]
Event: 10.610 Thread 0x00000188bf6fb7e0 2574       3       java.util.ArrayList::fastRemove (44 bytes)
Event: 10.616 Thread 0x00000188bf6fb7e0 nmethod 2574 0x00000188ac6dfc10 code [0x00000188ac6dfdc0, 0x00000188ac6e01a8]

GC Heap History (20 events):
Event: 3.216 GC heap after
{Heap after GC invocations=2 (full 0):
 garbage-first heap   total 57344K, used 7952K [0x00000000c9400000, 0x0000000100000000)
  region size 1024K, 2 young (2048K), 2 survivors (2048K)
 Metaspace       used 14725K, committed 14848K, reserved 1114112K
  class space    used 1463K, committed 1536K, reserved 1048576K
}
Event: 4.375 GC heap before
{Heap before GC invocations=2 (full 0):
 garbage-first heap   total 57344K, used 31504K [0x00000000c9400000, 0x0000000100000000)
  region size 1024K, 26 young (26624K), 2 survivors (2048K)
 Metaspace       used 21335K, committed 21504K, reserved 1114112K
  class space    used 2327K, committed 2432K, reserved 1048576K
}
Event: 4.388 GC heap after
{Heap after GC invocations=3 (full 0):
 garbage-first heap   total 57344K, used 10227K [0x00000000c9400000, 0x0000000100000000)
  region size 1024K, 4 young (4096K), 4 survivors (4096K)
 Metaspace       used 21335K, committed 21504K, reserved 1114112K
  class space    used 2327K, committed 2432K, reserved 1048576K
}
Event: 5.794 GC heap before
{Heap before GC invocations=4 (full 0):
 garbage-first heap   total 37888K, used 29683K [0x00000000c9400000, 0x0000000100000000)
  region size 1024K, 24 young (24576K), 4 survivors (4096K)
 Metaspace       used 28159K, committed 28352K, reserved 1114112K
  class space    used 3493K, committed 3584K, reserved 1048576K
}
Event: 5.807 GC heap after
{Heap after GC invocations=5 (full 0):
 garbage-first heap   total 37888K, used 11392K [0x00000000c9400000, 0x0000000100000000)
  region size 1024K, 2 young (2048K), 2 survivors (2048K)
 Metaspace       used 28159K, committed 28352K, reserved 1114112K
  class space    used 3493K, committed 3584K, reserved 1048576K
}
Event: 7.125 GC heap before
{Heap before GC invocations=5 (full 0):
 garbage-first heap   total 37888K, used 29824K [0x00000000c9400000, 0x0000000100000000)
  region size 1024K, 18 young (18432K), 2 survivors (2048K)
 Metaspace       used 28946K, committed 29184K, reserved 1114112K
  class space    used 3555K, committed 3648K, reserved 1048576K
}
Event: 7.137 GC heap after
{Heap after GC invocations=6 (full 0):
 garbage-first heap   total 37888K, used 17395K [0x00000000c9400000, 0x0000000100000000)
  region size 1024K, 3 young (3072K), 3 survivors (3072K)
 Metaspace       used 28946K, committed 29184K, reserved 1114112K
  class space    used 3555K, committed 3648K, reserved 1048576K
}
Event: 7.929 GC heap before
{Heap before GC invocations=6 (full 0):
 garbage-first heap   total 37888K, used 27635K [0x00000000c9400000, 0x0000000100000000)
  region size 1024K, 13 young (13312K), 3 survivors (3072K)
 Metaspace       used 30822K, committed 31040K, reserved 1114112K
  class space    used 3976K, committed 4032K, reserved 1048576K
}
Event: 7.944 GC heap after
{Heap after GC invocations=7 (full 0):
 garbage-first heap   total 37888K, used 19662K [0x00000000c9400000, 0x0000000100000000)
  region size 1024K, 2 young (2048K), 2 survivors (2048K)
 Metaspace       used 30822K, committed 31040K, reserved 1114112K
  class space    used 3976K, committed 4032K, reserved 1048576K
}
Event: 8.548 GC heap before
{Heap before GC invocations=7 (full 0):
 garbage-first heap   total 37888K, used 26830K [0x00000000c9400000, 0x0000000100000000)
  region size 1024K, 10 young (10240K), 2 survivors (2048K)
 Metaspace       used 33304K, committed 33536K, reserved 1114112K
  class space    used 4236K, committed 4352K, reserved 1048576K
}
Event: 8.557 GC heap after
{Heap after GC invocations=8 (full 0):
 garbage-first heap   total 37888K, used 20467K [0x00000000c9400000, 0x0000000100000000)
  region size 1024K, 1 young (1024K), 1 survivors (1024K)
 Metaspace       used 33304K, committed 33536K, reserved 1114112K
  class space    used 4236K, committed 4352K, reserved 1048576K
}
Event: 9.376 GC heap before
{Heap before GC invocations=9 (full 0):
 garbage-first heap   total 37888K, used 27635K [0x00000000c9400000, 0x0000000100000000)
  region size 1024K, 9 young (9216K), 1 survivors (1024K)
 Metaspace       used 34362K, committed 34624K, reserved 1114112K
  class space    used 4363K, committed 4480K, reserved 1048576K
}
Event: 9.382 GC heap after
{Heap after GC invocations=10 (full 0):
 garbage-first heap   total 37888K, used 19195K [0x00000000c9400000, 0x0000000100000000)
  region size 1024K, 2 young (2048K), 2 survivors (2048K)
 Metaspace       used 34362K, committed 34624K, reserved 1114112K
  class space    used 4363K, committed 4480K, reserved 1048576K
}
Event: 9.443 GC heap before
{Heap before GC invocations=10 (full 0):
 garbage-first heap   total 37888K, used 20219K [0x00000000c9400000, 0x0000000100000000)
  region size 1024K, 3 young (3072K), 2 survivors (2048K)
 Metaspace       used 34536K, committed 34752K, reserved 1114112K
  class space    used 4384K, committed 4480K, reserved 1048576K
}
Event: 9.448 GC heap after
{Heap after GC invocations=11 (full 0):
 garbage-first heap   total 37888K, used 19190K [0x00000000c9400000, 0x0000000100000000)
  region size 1024K, 1 young (1024K), 1 survivors (1024K)
 Metaspace       used 34536K, committed 34752K, reserved 1114112K
  class space    used 4384K, committed 4480K, reserved 1048576K
}
Event: 9.838 GC heap before
{Heap before GC invocations=11 (full 0):
 garbage-first heap   total 37888K, used 27382K [0x00000000c9400000, 0x0000000100000000)
  region size 1024K, 9 young (9216K), 1 survivors (1024K)
 Metaspace       used 36266K, committed 36416K, reserved 1114112K
  class space    used 4581K, committed 4672K, reserved 1048576K
}
Event: 9.842 GC heap after
{Heap after GC invocations=12 (full 0):
 garbage-first heap   total 37888K, used 19703K [0x00000000c9400000, 0x0000000100000000)
  region size 1024K, 2 young (2048K), 2 survivors (2048K)
 Metaspace       used 36266K, committed 36416K, reserved 1114112K
  class space    used 4581K, committed 4672K, reserved 1048576K
}
Event: 10.610 GC heap before
{Heap before GC invocations=13 (full 0):
 garbage-first heap   total 37888K, used 26871K [0x00000000c9400000, 0x0000000100000000)
  region size 1024K, 10 young (10240K), 2 survivors (2048K)
 Metaspace       used 37865K, committed 38080K, reserved 1114112K
  class space    used 4727K, committed 4864K, reserved 1048576K
}
Event: 10.615 GC heap after
{Heap after GC invocations=14 (full 0):
 garbage-first heap   total 37888K, used 20770K [0x00000000c9400000, 0x0000000100000000)
  region size 1024K, 2 young (2048K), 2 survivors (2048K)
 Metaspace       used 37865K, committed 38080K, reserved 1114112K
  class space    used 4727K, committed 4864K, reserved 1048576K
}
Event: 10.640 GC heap before
{Heap before GC invocations=14 (full 0):
 garbage-first heap   total 37888K, used 20770K [0x00000000c9400000, 0x0000000100000000)
  region size 1024K, 3 young (3072K), 2 survivors (2048K)
 Metaspace       used 38009K, committed 38208K, reserved 1114112K
  class space    used 4738K, committed 4864K, reserved 1048576K
}

Dll operation events (2 events):
Event: 0.182 Loaded shared library C:\Program Files\Android\Android Studio\jbr\bin\java.dll
Event: 5.027 Loaded shared library C:\Program Files\Android\Android Studio\jbr\bin\verify.dll

Deoptimization events (20 events):
Event: 8.810 Thread 0x00000188a8d21e30 DEOPT PACKING pc=0x00000188b3d88774 sp=0x0000002eba8fe240
Event: 8.810 Thread 0x00000188a8d21e30 DEOPT UNPACKING pc=0x00000188b37769a3 sp=0x0000002eba8fe1d8 mode 2
Event: 9.150 Thread 0x00000188a8d21e30 DEOPT PACKING pc=0x00000188ac57013e sp=0x0000002eba8fdc50
Event: 9.150 Thread 0x00000188a8d21e30 DEOPT UNPACKING pc=0x00000188b3777143 sp=0x0000002eba8fd0c8 mode 0
Event: 9.594 Thread 0x00000188a8d21e30 Uncommon trap: trap_request=0xffffffc6 fr.pc=0x00000188b3d21dfc relative=0x0000000000000a5c
Event: 9.594 Thread 0x00000188a8d21e30 Uncommon trap: reason=bimorphic_or_optimized_type_check action=maybe_recompile pc=0x00000188b3d21dfc method=java.util.HashMap.putVal(ILjava/lang/Object;Ljava/lang/Object;ZZ)Ljava/lang/Object; @ 91 c2
Event: 9.594 Thread 0x00000188a8d21e30 DEOPT PACKING pc=0x00000188b3d21dfc sp=0x0000002eba8fb190
Event: 9.594 Thread 0x00000188a8d21e30 DEOPT UNPACKING pc=0x00000188b37769a3 sp=0x0000002eba8fb120 mode 2
Event: 9.594 Thread 0x00000188a8d21e30 Uncommon trap: trap_request=0xffffffc6 fr.pc=0x00000188b3d21dfc relative=0x0000000000000a5c
Event: 9.594 Thread 0x00000188a8d21e30 Uncommon trap: reason=bimorphic_or_optimized_type_check action=maybe_recompile pc=0x00000188b3d21dfc method=java.util.HashMap.putVal(ILjava/lang/Object;Ljava/lang/Object;ZZ)Ljava/lang/Object; @ 91 c2
Event: 9.594 Thread 0x00000188a8d21e30 DEOPT PACKING pc=0x00000188b3d21dfc sp=0x0000002eba8fb190
Event: 9.594 Thread 0x00000188a8d21e30 DEOPT UNPACKING pc=0x00000188b37769a3 sp=0x0000002eba8fb120 mode 2
Event: 9.594 Thread 0x00000188a8d21e30 Uncommon trap: trap_request=0xffffffc6 fr.pc=0x00000188b3d21dfc relative=0x0000000000000a5c
Event: 9.594 Thread 0x00000188a8d21e30 Uncommon trap: reason=bimorphic_or_optimized_type_check action=maybe_recompile pc=0x00000188b3d21dfc method=java.util.HashMap.putVal(ILjava/lang/Object;Ljava/lang/Object;ZZ)Ljava/lang/Object; @ 91 c2
Event: 9.594 Thread 0x00000188a8d21e30 DEOPT PACKING pc=0x00000188b3d21dfc sp=0x0000002eba8fb190
Event: 9.594 Thread 0x00000188a8d21e30 DEOPT UNPACKING pc=0x00000188b37769a3 sp=0x0000002eba8fb120 mode 2
Event: 9.594 Thread 0x00000188a8d21e30 Uncommon trap: trap_request=0xffffffc6 fr.pc=0x00000188b3d21dfc relative=0x0000000000000a5c
Event: 9.594 Thread 0x00000188a8d21e30 Uncommon trap: reason=bimorphic_or_optimized_type_check action=maybe_recompile pc=0x00000188b3d21dfc method=java.util.HashMap.putVal(ILjava/lang/Object;Ljava/lang/Object;ZZ)Ljava/lang/Object; @ 91 c2
Event: 9.594 Thread 0x00000188a8d21e30 DEOPT PACKING pc=0x00000188b3d21dfc sp=0x0000002eba8fb190
Event: 9.594 Thread 0x00000188a8d21e30 DEOPT UNPACKING pc=0x00000188b37769a3 sp=0x0000002eba8fb120 mode 2

Classes unloaded (0 events):
No events

Classes redefined (0 events):
No events

Internal exceptions (20 events):
Event: 4.468 Thread 0x00000188a8d21e30 Exception <a 'java/lang/NoSuchMethodError'{0x00000000cb676e88}: 'int java.lang.invoke.DirectMethodHandle$Holder.invokeSpecial(java.lang.Object, java.lang.Object, java.lang.Object)'> (0x00000000cb676e88) 
thrown [s\src\hotspot\share\interpreter\linkResolver.cpp, line 771]
Event: 4.469 Thread 0x00000188a8d21e30 Exception <a 'java/lang/NoSuchMethodError'{0x00000000cb67ab78}: 'int java.lang.invoke.DirectMethodHandle$Holder.invokeSpecial(java.lang.Object, java.lang.Object, java.lang.Object, java.lang.Object)'> (0x00000000cb67ab78) 
thrown [s\src\hotspot\share\interpreter\linkResolver.cpp, line 771]
Event: 4.469 Thread 0x00000188a8d21e30 Exception <a 'java/lang/NoSuchMethodError'{0x00000000cb67e1e0}: 'int java.lang.invoke.Invokers$Holder.invoke_MT(java.lang.Object, java.lang.Object, java.lang.Object, java.lang.Object)'> (0x00000000cb67e1e0) 
thrown [s\src\hotspot\share\interpreter\linkResolver.cpp, line 771]
Event: 4.473 Thread 0x00000188a8d21e30 Exception <a 'java/lang/NoSuchMethodError'{0x00000000cb68d9b0}: 'void java.lang.invoke.DelegatingMethodHandle$Holder.reinvoke_L(java.lang.Object, java.lang.Object, java.lang.Object, long, java.lang.Object)'> (0x00000000cb68d9b0) 
thrown [s\src\hotspot\share\interpreter\linkResolver.cpp, line 771]
Event: 4.474 Thread 0x00000188a8d21e30 Exception <a 'java/lang/NoSuchMethodError'{0x00000000cb6955e8}: 'java.lang.Object java.lang.invoke.DirectMethodHandle$Holder.invokeSpecial(java.lang.Object, java.lang.Object, java.lang.Object, java.lang.Object, long)'> (0x00000000cb6955e8) 
thrown [s\src\hotspot\share\interpreter\linkResolver.cpp, line 771]
Event: 4.476 Thread 0x00000188a8d21e30 Exception <a 'java/lang/NoSuchMethodError'{0x00000000cb6a49a8}: 'int java.lang.invoke.DelegatingMethodHandle$Holder.reinvoke_L(java.lang.Object, java.lang.Object, java.lang.Object, long, java.lang.Object, java.lang.Object)'> (0x00000000cb6a49a8) 
thrown [s\src\hotspot\share\interpreter\linkResolver.cpp, line 771]
Event: 4.479 Thread 0x00000188a8d21e30 Exception <a 'java/lang/NoSuchMethodError'{0x00000000cb6b3660}: 'int java.lang.invoke.DelegatingMethodHandle$Holder.reinvoke_L(java.lang.Object, java.lang.Object, java.lang.Object, long, int, int)'> (0x00000000cb6b3660) 
thrown [s\src\hotspot\share\interpreter\linkResolver.cpp, line 771]
Event: 4.482 Thread 0x00000188a8d21e30 Exception <a 'java/lang/NoSuchMethodError'{0x00000000cb6c2038}: 'int java.lang.invoke.DelegatingMethodHandle$Holder.reinvoke_L(java.lang.Object, java.lang.Object, java.lang.Object, long, long, long)'> (0x00000000cb6c2038) 
thrown [s\src\hotspot\share\interpreter\linkResolver.cpp, line 771]
Event: 4.485 Thread 0x00000188a8d21e30 Exception <a 'java/lang/NoSuchMethodError'{0x00000000cb6d0650}: 'int java.lang.invoke.DelegatingMethodHandle$Holder.reinvoke_L(java.lang.Object, java.lang.Object, java.lang.Object, long, int)'> (0x00000000cb6d0650) 
thrown [s\src\hotspot\share\interpreter\linkResolver.cpp, line 771]
Event: 4.512 Thread 0x00000188a8d21e30 Exception <a 'java/lang/NoSuchMethodError'{0x00000000cb5775d0}: 'int java.lang.invoke.DirectMethodHandle$Holder.invokeStaticInit(java.lang.Object, java.lang.Object, java.lang.Object)'> (0x00000000cb5775d0) 
thrown [s\src\hotspot\share\interpreter\linkResolver.cpp, line 771]
Event: 4.522 Thread 0x00000188a8d21e30 Exception <a 'java/lang/NoSuchMethodError'{0x00000000cb5a0db8}: 'int java.lang.invoke.DirectMethodHandle$Holder.invokeStaticInit(java.lang.Object, java.lang.Object)'> (0x00000000cb5a0db8) 
thrown [s\src\hotspot\share\interpreter\linkResolver.cpp, line 771]
Event: 4.565 Thread 0x00000188a8d21e30 Exception <a 'java/lang/NoSuchMethodError'{0x00000000cb47ee08}: 'void java.lang.invoke.DirectMethodHandle$Holder.invokeSpecial(java.lang.Object, java.lang.Object, java.lang.Object)'> (0x00000000cb47ee08) 
thrown [s\src\hotspot\share\interpreter\linkResolver.cpp, line 771]
Event: 4.744 Thread 0x00000188a8d21e30 Exception <a 'java/lang/NoSuchMethodError'{0x00000000cada1928}: 'void java.lang.invoke.DirectMethodHandle$Holder.invokeStatic(java.lang.Object, java.lang.Object, java.lang.Object, java.lang.Object)'> (0x00000000cada1928) 
thrown [s\src\hotspot\share\interpreter\linkResolver.cpp, line 771]
Event: 4.892 Thread 0x00000188a8d21e30 Exception <a 'java/lang/NoSuchMethodError'{0x00000000ca961928}: 'void java.lang.invoke.DirectMethodHandle$Holder.invokeStaticInit(java.lang.Object, java.lang.Object)'> (0x00000000ca961928) 
thrown [s\src\hotspot\share\interpreter\linkResolver.cpp, line 771]
Event: 5.199 Thread 0x00000188a8d21e30 Exception <a 'java/lang/NoSuchMethodError'{0x00000000ca5d6808}: 'void java.lang.invoke.DirectMethodHandle$Holder.invokeVirtual(java.lang.Object, java.lang.Object)'> (0x00000000ca5d6808) 
thrown [s\src\hotspot\share\interpreter\linkResolver.cpp, line 771]
Event: 5.226 Thread 0x00000188a8d21e30 Exception <a 'java/lang/NoSuchMethodError'{0x00000000ca450540}: 'int java.lang.invoke.DirectMethodHandle$Holder.invokeVirtual(java.lang.Object, java.lang.Object)'> (0x00000000ca450540) 
thrown [s\src\hotspot\share\interpreter\linkResolver.cpp, line 771]
Event: 5.300 Thread 0x00000188a8d21e30 Exception <a 'java/lang/NoSuchMethodError'{0x00000000ca4e84f0}: 'java.lang.Object java.lang.invoke.Invokers$Holder.invokeExact_MT(java.lang.Object, java.lang.Object, java.lang.Object, java.lang.Object, java.lang.Object, java.lang.Object)'> (0x00000000ca4e84f0) 
thrown [s\src\hotspot\share\interpreter\linkResolver.cpp, line 771]
Event: 8.045 Thread 0x00000188a8d21e30 Implicit null exception at 0x00000188b3cd97f2 to 0x00000188b3cd9dbc
Event: 8.526 Thread 0x00000188a8d21e30 Implicit null exception at 0x00000188b3cdabf2 to 0x00000188b3cdb1cc
Event: 8.733 Thread 0x00000188a8d21e30 Exception <a 'java/lang/NoSuchMethodError'{0x00000000cb66aa08}: 'java.lang.Object java.lang.invoke.DirectMethodHandle$Holder.invokeVirtual(java.lang.Object, java.lang.Object, java.lang.Object)'> (0x00000000cb66aa08) 
thrown [s\src\hotspot\share\interpreter\linkResolver.cpp, line 771]

VM Operations (20 events):
Event: 8.558 Executing VM operation: G1CollectForAllocation done
Event: 8.588 Executing VM operation: G1PauseRemark
Event: 8.592 Executing VM operation: G1PauseRemark done
Event: 8.607 Executing VM operation: G1PauseCleanup
Event: 8.607 Executing VM operation: G1PauseCleanup done
Event: 9.376 Executing VM operation: G1CollectForAllocation
Event: 9.383 Executing VM operation: G1CollectForAllocation done
Event: 9.443 Executing VM operation: G1CollectForAllocation
Event: 9.448 Executing VM operation: G1CollectForAllocation done
Event: 9.838 Executing VM operation: G1CollectForAllocation
Event: 9.842 Executing VM operation: G1CollectForAllocation done
Event: 9.881 Executing VM operation: G1PauseRemark
Event: 9.886 Executing VM operation: G1PauseRemark done
Event: 9.900 Executing VM operation: G1PauseCleanup
Event: 9.901 Executing VM operation: G1PauseCleanup done
Event: 10.606 Executing VM operation: HandshakeAllThreads
Event: 10.606 Executing VM operation: HandshakeAllThreads done
Event: 10.610 Executing VM operation: G1CollectForAllocation
Event: 10.615 Executing VM operation: G1CollectForAllocation done
Event: 10.640 Executing VM operation: G1CollectForAllocation

Events (20 events):
Event: 9.870 loading class sun/reflect/generics/repository/ConstructorRepository
Event: 9.870 loading class sun/reflect/generics/repository/ConstructorRepository done
Event: 9.870 loading class sun/reflect/generics/tree/BottomSignature
Event: 9.871 loading class sun/reflect/generics/tree/BottomSignature done
Event: 9.871 loading class sun/reflect/generics/tree/Wildcard
Event: 9.871 loading class sun/reflect/generics/tree/Wildcard done
Event: 9.871 loading class sun/reflect/generics/tree/VoidDescriptor
Event: 9.871 loading class sun/reflect/generics/tree/VoidDescriptor done
Event: 9.871 loading class sun/reflect/generics/tree/MethodTypeSignature
Event: 9.871 loading class sun/reflect/generics/tree/MethodTypeSignature done
Event: 9.872 loading class sun/reflect/generics/reflectiveObjects/WildcardTypeImpl
Event: 9.872 loading class java/lang/reflect/WildcardType
Event: 9.872 loading class java/lang/reflect/WildcardType done
Event: 9.872 loading class sun/reflect/generics/reflectiveObjects/WildcardTypeImpl done
Event: 10.240 loading class java/lang/TypeNotPresentException
Event: 10.240 loading class java/lang/TypeNotPresentException done
Event: 10.605 loading class sun/reflect/generics/scope/MethodScope
Event: 10.605 loading class sun/reflect/generics/scope/MethodScope done
Event: 10.605 loading class sun/reflect/generics/repository/MethodRepository
Event: 10.606 loading class sun/reflect/generics/repository/MethodRepository done


Dynamic libraries:
0x00007ff729670000 - 0x00007ff72967a000 	C:\Program Files\Android\Android Studio\jbr\bin\java.exe
0x00007ff9bfcb0000 - 0x00007ff9bfec7000 	C:\WINDOWS\SYSTEM32\ntdll.dll
0x00007ff9a1cc0000 - 0x00007ff9a1cda000 	C:\Program Files\Avast Software\Avast\aswhook.dll
0x00007ff9bef40000 - 0x00007ff9bf004000 	C:\WINDOWS\System32\KERNEL32.DLL
0x00007ff9bd130000 - 0x00007ff9bd4dd000 	C:\WINDOWS\System32\KERNELBASE.dll
0x00007ff9bd010000 - 0x00007ff9bd121000 	C:\WINDOWS\System32\ucrtbase.dll
0x00007ff9a5800000 - 0x00007ff9a5817000 	C:\Program Files\Android\Android Studio\jbr\bin\jli.dll
0x00007ff9bf090000 - 0x00007ff9bf23e000 	C:\WINDOWS\System32\USER32.dll
0x00007ff9bd7e0000 - 0x00007ff9bd806000 	C:\WINDOWS\System32\win32u.dll
0x00007ff9bebb0000 - 0x00007ff9bebd9000 	C:\WINDOWS\System32\GDI32.dll
0x00007ff9bd8d0000 - 0x00007ff9bd9e9000 	C:\WINDOWS\System32\gdi32full.dll
0x00007ff9bd740000 - 0x00007ff9bd7da000 	C:\WINDOWS\System32\msvcp_win.dll
0x00007ff9a9d90000 - 0x00007ff9a9dab000 	C:\Program Files\Android\Android Studio\jbr\bin\VCRUNTIME140.dll
0x00007ff9a64c0000 - 0x00007ff9a6753000 	C:\WINDOWS\WinSxS\amd64_microsoft.windows.common-controls_6595b64144ccf1df_6.0.22621.3672_none_2713b9d173822955\COMCTL32.dll
0x00007ff9be370000 - 0x00007ff9be417000 	C:\WINDOWS\System32\msvcrt.dll
0x00007ff9bf740000 - 0x00007ff9bf771000 	C:\WINDOWS\System32\IMM32.DLL
0x00007ff9b7210000 - 0x00007ff9b721c000 	C:\Program Files\Android\Android Studio\jbr\bin\vcruntime140_1.dll
0x00007ff988700000 - 0x00007ff98878d000 	C:\Program Files\Android\Android Studio\jbr\bin\msvcp140.dll
0x00007ff970c50000 - 0x00007ff9718d3000 	C:\Program Files\Android\Android Studio\jbr\bin\server\jvm.dll
0x00007ff9be920000 - 0x00007ff9be9d2000 	C:\WINDOWS\System32\ADVAPI32.dll
0x00007ff9be250000 - 0x00007ff9be2f9000 	C:\WINDOWS\System32\sechost.dll
0x00007ff9bcfe0000 - 0x00007ff9bd008000 	C:\WINDOWS\System32\bcrypt.dll
0x00007ff9bed40000 - 0x00007ff9bee54000 	C:\WINDOWS\System32\RPCRT4.dll
0x00007ff9bcea0000 - 0x00007ff9bceed000 	C:\WINDOWS\SYSTEM32\POWRPROF.dll
0x00007ff9a2380000 - 0x00007ff9a2389000 	C:\WINDOWS\SYSTEM32\WSOCK32.dll
0x00007ff9be420000 - 0x00007ff9be491000 	C:\WINDOWS\System32\WS2_32.dll
0x00007ff9b5f60000 - 0x00007ff9b5f94000 	C:\WINDOWS\SYSTEM32\WINMM.dll
0x00007ff9b2b00000 - 0x00007ff9b2b0a000 	C:\WINDOWS\SYSTEM32\VERSION.dll
0x00007ff9bce80000 - 0x00007ff9bce93000 	C:\WINDOWS\SYSTEM32\UMPDC.dll
0x00007ff9bc010000 - 0x00007ff9bc028000 	C:\WINDOWS\SYSTEM32\kernel.appcore.dll
0x00007ff9b6290000 - 0x00007ff9b629a000 	C:\Program Files\Android\Android Studio\jbr\bin\jimage.dll
0x00007ff9b28c0000 - 0x00007ff9b2af2000 	C:\WINDOWS\SYSTEM32\DBGHELP.DLL
0x00007ff9bf780000 - 0x00007ff9bfb08000 	C:\WINDOWS\System32\combase.dll
0x00007ff9bee60000 - 0x00007ff9bef37000 	C:\WINDOWS\System32\OLEAUT32.dll
0x00007ff9afec0000 - 0x00007ff9afef2000 	C:\WINDOWS\SYSTEM32\dbgcore.DLL
0x00007ff9bd6c0000 - 0x00007ff9bd73b000 	C:\WINDOWS\System32\bcryptPrimitives.dll
0x00007ff9aa460000 - 0x00007ff9aa485000 	C:\Program Files\Android\Android Studio\jbr\bin\java.dll
0x00007ff9a9fc0000 - 0x00007ff9a9fd8000 	C:\Program Files\Android\Android Studio\jbr\bin\zip.dll
0x00007ff9bd9f0000 - 0x00007ff9be24f000 	C:\WINDOWS\System32\SHELL32.dll
0x00007ff9baf30000 - 0x00007ff9bb82c000 	C:\WINDOWS\SYSTEM32\windows.storage.dll
0x00007ff9badf0000 - 0x00007ff9baf2f000 	C:\WINDOWS\SYSTEM32\wintypes.dll
0x00007ff9be9e0000 - 0x00007ff9bead4000 	C:\WINDOWS\System32\SHCORE.dll
0x00007ff9bfb10000 - 0x00007ff9bfb6e000 	C:\WINDOWS\System32\shlwapi.dll
0x00007ff9bcf10000 - 0x00007ff9bcf31000 	C:\WINDOWS\SYSTEM32\profapi.dll
0x00007ff9a9550000 - 0x00007ff9a9569000 	C:\Program Files\Android\Android Studio\jbr\bin\net.dll
0x00007ff9b6450000 - 0x00007ff9b6586000 	C:\WINDOWS\SYSTEM32\WINHTTP.dll
0x00007ff9bc480000 - 0x00007ff9bc4e9000 	C:\WINDOWS\system32\mswsock.dll
0x00007ff9a7c30000 - 0x00007ff9a7c46000 	C:\Program Files\Android\Android Studio\jbr\bin\nio.dll
0x00007ff9aa450000 - 0x00007ff9aa460000 	C:\Program Files\Android\Android Studio\jbr\bin\verify.dll

dbghelp: loaded successfully - version: 4.0.5 - missing functions: none
symbol engine: initialized successfully - sym options: 0x614 - pdb path: .;C:\Program Files\Android\Android Studio\jbr\bin;C:\WINDOWS\SYSTEM32;C:\Program Files\Avast Software\Avast;C:\WINDOWS\WinSxS\amd64_microsoft.windows.common-controls_6595b64144ccf1df_6.0.22621.3672_none_2713b9d173822955;C:\Program Files\Android\Android Studio\jbr\bin\server

VM Arguments:
java_command: org.jetbrains.kotlin.cli.jvm.K2JVMCompiler @C:\Users\Hp\AndroidStudioProjects\ProjectAkhirVSGA2\app\build\20240819_9306628641465558391.compiler.options
java_class_path (initial): C:\Users\Hp\.gradle\caches\modules-2\files-2.1\org.jetbrains.kotlin\kotlin-compiler-embeddable\1.9.0\2c8c3a7402becca891f12739b3e9fd2dc2adbd7a\kotlin-compiler-embeddable-1.9.0.jar;C:\Users\Hp\.gradle\caches\modules-2\files-2.1\org.jetbrains.kotlin\kotlin-stdlib\1.9.0\8ee15ef0c67dc83d874f412d84378d7f0eb50b63\kotlin-stdlib-1.9.0.jar;C:\Users\Hp\.gradle\caches\modules-2\files-2.1\org.jetbrains.kotlin\kotlin-script-runtime\1.9.0\4b3102cbbb7e1b58d9d1adf89563f00069ffa7d1\kotlin-script-runtime-1.9.0.jar;C:\Users\Hp\.gradle\caches\modules-2\files-2.1\org.jetbrains.kotlin\kotlin-reflect\1.6.10\1cbe9c92c12a94eea200d23c2bbaedaf3daf5132\kotlin-reflect-1.6.10.jar;C:\Users\Hp\.gradle\caches\modules-2\files-2.1\org.jetbrains.kotlin\kotlin-daemon-embeddable\1.9.0\186543f5e28cf8d9a0290fecc2cf34301c40a65c\kotlin-daemon-embeddable-1.9.0.jar;C:\Users\Hp\.gradle\caches\modules-2\files-2.1\org.jetbrains.intellij.deps\trove4j\1.0.20200330\3afb14d5f9ceb459d724e907a21145e8ff394f02\trove4j-1.0.20200330.jar;C:\Users\Hp\.gradle\caches\modules-2\files-2.1\org.jetbrains.kotlin\kotlin-stdlib-common\1.9.0\cd65c21cfd1eec4d44ef09f9f52b6d9f8a720636\kotlin-stdlib-common-1.9.0.jar;C:\Users\Hp\.gradle\caches\modules-2\files-2.1\org.jetbrains\annotations\13.0\919f0dfe192fb4e063e7dacadee7f8bb9a2672a9\annotations-13.0.jar
Launcher Type: SUN_STANDARD

[Global flags]
     intx CICompilerCount                          = 3                                         {product} {ergonomic}
     uint ConcGCThreads                            = 1                                         {product} {ergonomic}
     uint G1ConcRefinementThreads                  = 4                                         {product} {ergonomic}
   size_t G1HeapRegionSize                         = 1048576                                   {product} {ergonomic}
    uintx GCDrainStackTargetSize                   = 64                                        {product} {ergonomic}
   size_t InitialHeapSize                          = 58720256                                  {product} {ergonomic}
   size_t MarkStackSize                            = 4194304                                   {product} {ergonomic}
   size_t MaxHeapSize                              = 918552576                                 {product} {ergonomic}
   size_t MaxNewSize                               = 550502400                                 {product} {ergonomic}
   size_t MinHeapDeltaBytes                        = 1048576                                   {product} {ergonomic}
   size_t MinHeapSize                              = 8388608                                   {product} {ergonomic}
    uintx NonNMethodCodeHeapSize                   = 5832780                                {pd product} {ergonomic}
    uintx NonProfiledCodeHeapSize                  = 122912730                              {pd product} {ergonomic}
    uintx ProfiledCodeHeapSize                     = 122912730                              {pd product} {ergonomic}
    uintx ReservedCodeCacheSize                    = 251658240                              {pd product} {ergonomic}
     bool SegmentedCodeCache                       = true                                      {product} {ergonomic}
   size_t SoftMaxHeapSize                          = 918552576                              {manageable} {ergonomic}
     bool UseCompressedClassPointers               = true                           {product lp64_product} {ergonomic}
     bool UseCompressedOops                        = true                           {product lp64_product} {ergonomic}
     bool UseG1GC                                  = true                                      {product} {ergonomic}
     bool UseLargePagesIndividualAllocation        = false                                  {pd product} {ergonomic}

Logging:
Log output configuration:
 #0: stdout all=warning uptime,level,tags
 #1: stderr all=off uptime,level,tags

Environment Variables:
PATH=C:\Program Files\Python310\Scripts\;C:\Program Files\Python310\;C:\Program Files\Common Files\Oracle\Java\javapath;C:\WINDOWS\system32;C:\WINDOWS;C:\WINDOWS\System32\Wbem;C:\WINDOWS\System32\WindowsPowerShell\v1.0\;C:\WINDOWS\System32\OpenSSH\;C:\Program Files (x86)\Microsoft SQL Server\100\Tools\Binn\;C:\Program Files (x86)\Microsoft SQL Server\100\DTS\Binn\;C:\Program Files (x86)\Microsoft SQL Server\100\Tools\Binn\VSShell\Common7\IDE\;C:\Program Files\Go\bin;C:\Program Files\Microsoft SQL Server\150\Tools\Binn\;C:\MinGW\bin;C:\Program Files\nodejs\;C:\Program Files\Git\cmd;C:\Users\Hp\AppData\Local\Microsoft\WindowsApps;;C:\Users\Hp\AppData\Local\Programs\Microsoft VS Code\bin;C:\Users\Hp\go\bin;C:\Users\Hp\AppData\Roaming\npm
USERNAME=Hp
OS=Windows_NT
PROCESSOR_IDENTIFIER=AMD64 Family 23 Model 24 Stepping 1, AuthenticAMD
TMP=C:\Users\Hp\AppData\Local\Temp
TEMP=C:\Users\Hp\AppData\Local\Temp



Periodic native trim disabled

JNI global refs:
JNI global refs: 7, weak refs: 0

JNI global refs memory usage: 843, weak refs: 209

OOME stack traces (most recent first):
Classloader memory used:
Loader jdk.internal.loader.ClassLoaders$AppClassLoader                                 : 3499K
Loader bootstrap                                                                       : 1246K
Loader jdk.internal.reflect.DelegatingClassLoader                                      : 5635B


---------------  S Y S T E M  ---------------

OS:
 Windows 11 , 64 bit Build 22621 (10.0.22621.3672)
OS uptime: 25 days 3:42 hours

CPU: total 4 (initial active 4) (4 cores per cpu, 2 threads per core) family 23 model 24 stepping 1 microcode 0x0, cx8, cmov, fxsr, ht, mmx, 3dnowpref, sse, sse2, sse3, ssse3, sse4a, sse4.1, sse4.2, popcnt, lzcnt, tsc, tscinvbit, avx, avx2, aes, clmul, bmi1, bmi2, adx, sha, fma, vzeroupper, clflush, clflushopt
Processor Information for all 4 processors :
  Max Mhz: 2400, Current Mhz: 2400, Mhz Limit: 2400

Memory: 4k page, system-wide physical 3499M (253M free)
TotalPageFile size 14251M (AvailPageFile size 6M)
current process WorkingSet (physical memory assigned to process): 141M, peak: 141M
current process commit charge ("private bytes"): 169M, peak: 178M

vm_info: OpenJDK 64-Bit Server VM (17.0.10+0--11609105) for windows-amd64 JRE (17.0.10+0--11609105), built on Mar 21 2024 19:10:56 by "androidbuild" with MS VC++ 16.10 / 16.11 (VS2019)

END.
